2015-07-09 12:59:39.552 Unity[49843:3002901] NSDocumentController Info.plist warning: The values of CFBundleTypeRole entries must be 'Editor', 'Viewer', 'None', or 'Shell'.
ono/2.0'
Using monoOptions --debugger-agent=transport=dt_socket,embedding=1,defer=y

LICENSE SYSTEM [201579 12:59:39] No start/stop license dates set

LICENSE SYSTEM [201579 12:59:39] Next license update check is after 2015-07-03T00:46:37

Cannot bind to port 2574

LICENSE SYSTEM [201579 12:59:39] Opening https://license.unity3d.com/update/poll?cmd=2&tx_id=c0d5e2ef1bbcf43ec9171649c2bb40ed


LICENSE SYSTEM [201579 12:59:39] Posting <root><SystemInfo><IsoCode>en</IsoCode><UserName>nekoe</UserName><OperatingSystem>Mac OS X 10.10.4</OperatingSystem><OperatingSystemNumeric>1104</OperatingSystemNumeric><ProcessorType>Intel(R) Core(TM) i5 CPU M 520 @ 2.40GHz</ProcessorType><ProcessorSpeed>2400</ProcessorSpeed><ProcessorCount>4</ProcessorCount><ProcessorCores>2</ProcessorCores><PhysicalMemoryMB>8192</PhysicalMemoryMB><ComputerName>MBP</ComputerName><ComputerModel>MacBookPro6,2</ComputerModel><UnityVersion>4.0.0f7</UnityVersion></SystemInfo>
  <TimeStamp Value="+E9i1toDdyoc/w=="/>
  <License id="Terms">
    <ClientProvidedVersion Value="4.0.0f7"/>
    <DeveloperData Value="AQAAAEYzLUtEWkstRjQ0RC1UVjdXLVhGMkUtR1ZYNg=="/>
    <Features>
      <Feature Value="1"/>
      <Feature Value="3"/>
      <Feature Value="12"/>
      <Feature Value="17"/>
      <Feature Value="19"/>
      <Feature Value="24"/>
      <Feature Value="33"/>
      <Feature Value="36"/>
      <Feature Value="62"/>
    </Features>
    <InitialActivationDate Value="2015-06-17T12:06:26"/>
    <LeaseExpiryDate Value=""/>
    <LicenseVersion Value="4.x"/>
    <MachineBindings>
      <Binding Key="1" Value="3639AAB5-B284-59F2-BDD1-74A749A20840"/>
      <Binding Key="2" Value="W8029K1HAGU"/>
    </MachineBindings>
    <MachineID Value="FhWXUJBnva7eIuNt2fPtelQHF/4="/>
    <SerialHash Value="875596629c4ae745aa156187d919a03fbcdbd0c6"/>
    <SerialMasked Value="F3-KDZK-F44D-TV7W-XF2E-XXXX"/>
    <StartDate Value=""/>
    <StopDate Value=""/>
    <UpdateDate Value="2015-07-03T00:46:37"/>
  </License>

<Signature xmlns="http://www.w3.org/2000/09/xmldsig#">
<SignedInfo>
<CanonicalizationMethod Algorithm="http://www.w3.org/TR/2001/REC-xml-c14n-20010315#WithComments"/>
<SignatureMethod Algorithm="http://www.w3.org/2000/09/xmldsig#rsa-sha1"/>
<Reference URI="#Terms">
<Transforms>
<Transform Algorithm="http://www.w3.org/2000/09/xmldsig#enveloped-signature"/>
</Transforms>
<DigestMethod Algorithm="http://www.w3.org/2000/09/xmldsig#sha1"/>
<DigestValue>fbfLwITbmgHAaqSJCz3Vv5S/5W4=</DigestValue>
</Reference>
</SignedInfo>
<SignatureValue>Fg+0JnTyf2LtOHY0JcYGD1lbxauVtomHJwFXLLMoJEbWii6HT2bgaPTGyqc86I2r
AxhemZyeO1ktr7YGbcuqcdZ37m7XzpFlbmqL+IZqSvTViBXqrl0blU7uwxNVg+Sr
K6FBudjioy4uc5VlaQW+ER4ou2P4rIgq8syQS3gYM4pBUmdOjKp4QEDIPBa8vFZ0
ITE7KOeDxJu+oKEjyI3xegwHWEvDRZR3abqdpX4TSwasChdnD7zPQWvsivzg+2dT
th7ZklxVq0Tu+qNdmm1TIfj6kqFx6rTd7SdiZYyPhpyo9cECZQfotvIkqihr8G8C
/pdEgPaWiVCOSYGoDqAy0w==</SignatureValue>
</Signature>
</root>


 BATCHMODE ARGUMENTS:
/Applications/Unity4.0/Unity.app/Contents/MacOS/Unity
-batchmode
-quit
-logFile
build.log
-projectPath
/Users/nekoe/src/github.com/reproio/repro-unity-sdk/build/4
-exportPackage
Assets/Editor
Assets/Plugins
/Users/nekoe/src/github.com/reproio/repro-unity-sdk/Repro.unitypackage
Couldn't set project path to: /Users/nekoe/src/github.com/reproio/repro-unity-sdk/build/4
 
(Filename: /Applications/buildAgent/work/812c4f5049264fad/Runtime/Utilities/Argv.cpp Line: 113)


Aborting batchmode due to failure:
Couldn't set project path to: /Users/nekoe/src/github.com/reproio/repro-unity-sdk/build/4

